<?xml version="1.0" encoding="UTF-8" ?>
<testsuites>
  <testsuite errors="1" failures="0" hostname="air-de-david.lan" id="0" name="UserTests" package="api.users" tests="1" time="0.554" timestamp="2014-07-22T03:26:30">
      <properties />

      <testcase classname="api.users.UserTests" name="test_must_get_UserList_with_userId_is_blank" time="0.552">
          <error message="Cannot get property &apos;status&apos; on null object" type="java.lang.NullPointerException">java.lang.NullPointerException: Cannot get property &apos;status&apos; on null object
	at api.users.UserTests.test_must_get_UserList_with_userId_is_blank(UserTests.groovy:45)
</error>

      </testcase>

      <system-out><![CDATA[--Output from test_must_get_UserList_with_userId_is_blank--
]]></system-out>

      <system-err><![CDATA[--Output from test_must_get_UserList_with_userId_is_blank--
]]></system-err>

  </testsuite>
  <testsuite errors="0" failures="0" hostname="air-de-david.lan" id="1" name="UserControllerTests" package="api.users" tests="1" time="1.779" timestamp="2014-07-22T03:26:14">
      <properties />

      <testcase classname="api.users.UserControllerTests" name="testSomething" time="1.646" />

      <system-out><![CDATA[--Output from testSomething--
]]></system-out>

      <system-err><![CDATA[--Output from testSomething--
]]></system-err>

  </testsuite>
  <testsuite errors="0" failures="0" hostname="air-de-david.lan" id="2" name="UserMagamentServiceTests" package="api.users" tests="1" time="0.258" timestamp="2014-07-22T03:26:16">
      <properties />

      <testcase classname="api.users.UserMagamentServiceTests" name="testSomething" time="0.038" />

      <system-out><![CDATA[--Output from testSomething--
]]></system-out>

      <system-err><![CDATA[--Output from testSomething--
]]></system-err>

  </testsuite>
  <testsuite errors="0" failures="0" hostname="air-de-david.lan" id="3" name="UserTests" package="api.users" tests="6" time="1.596" timestamp="2014-07-22T03:26:16">
      <properties />

      <testcase classname="api.users.UserTests" name="test_UserIsNotValidate_WhitEmailUnique" time="1.393" />

      <testcase classname="api.users.UserTests" name="test_UserIsNotValidate_whitFormatEmailInvalid" time="0.036" />

      <testcase classname="api.users.UserTests" name="test_UserIsNotValidate_whitPasswordLongMinInvalid" time="0.031" />

      <testcase classname="api.users.UserTests" name="test_UserIsNotValidate_whitPasswordLongMaxInvalid" time="0.03" />

      <testcase classname="api.users.UserTests" name="test_UserIsValid_whitStatusActiveByDefaultValue" time="0.023" />

      <testcase classname="api.users.UserTests" name="test_creaUsuario" time="0.074" />

      <system-out><![CDATA[--Output from test_UserIsNotValidate_WhitEmailUnique--
--Output from test_UserIsNotValidate_whitFormatEmailInvalid--
--Output from test_UserIsNotValidate_whitPasswordLongMinInvalid--
--Output from test_UserIsNotValidate_whitPasswordLongMaxInvalid--
--Output from test_UserIsValid_whitStatusActiveByDefaultValue--
--Output from test_creaUsuario--
]]></system-out>

      <system-err><![CDATA[--Output from test_UserIsNotValidate_WhitEmailUnique--
--Output from test_UserIsNotValidate_whitFormatEmailInvalid--
--Output from test_UserIsNotValidate_whitPasswordLongMinInvalid--
--Output from test_UserIsNotValidate_whitPasswordLongMaxInvalid--
--Output from test_UserIsValid_whitStatusActiveByDefaultValue--
--Output from test_creaUsuario--
]]></system-err>

  </testsuite>
</testsuites>
